<?xml version="1.0" encoding="UTF-8"?>
<testsuite name="Cucumber" time="67.297" tests="1" skipped="0" failures="0" errors="0">
<testcase classname="Qafox shopping" name="verify Qafox" time="66.902">
<system-out><![CDATA[
Given launching page of Qafox...............................................passed
When user should enter username and password................................passed
And user should click the login button......................................passed
When user search an item....................................................passed
And user loacate an item....................................................passed
When user adding item into the cart.........................................passed
And user get into the shipping page.........................................passed
When user proceed to the checkout process...................................passed
And user enter the billing details..........................................passed
When user enter the delivery details........................................passed
And user mention the delivery method........................................passed
When user mention the payment mode..........................................passed
And user finally confirm the order..........................................passed
]]></system-out>
</testcase>
</testsuite>
